<?xml version="1.0" encoding="UTF-8"?>
<testsuite name="io.provenance.classification.asset.client.util.ACMetadataKeyUtilTest" tests="1" skipped="0" failures="0" errors="0" timestamp="2022-05-10T17:09:09" hostname="F0179.local" time="0.853">
  <properties/>
  <testcase name="testKeyUtilProducesUsableOutput()" classname="io.provenance.classification.asset.client.util.ACMetadataKeyUtilTest" time="0.853"/>
  <system-out><![CDATA[]]></system-out>
  <system-err><![CDATA[]]></system-err>
</testsuite>
