<?xml version="1.0" encoding="UTF-8"?>
<testsuite name="io.provenance.classification.asset.client.client.DefaultACQuerierTest" tests="11" skipped="0" failures="0" errors="0" timestamp="2022-05-10T17:09:05" hostname="F0179.local" time="3.641">
  <properties/>
  <testcase name="testQueryAssetDefinitionByAssetTypeOrNull()" classname="io.provenance.classification.asset.client.client.DefaultACQuerierTest" time="3.292"/>
  <testcase name="testQueryAssetScopeAttributeByScopeAddress()" classname="io.provenance.classification.asset.client.client.DefaultACQuerierTest" time="0.24"/>
  <testcase name="testQueryAssetDefinitionByAssetType()" classname="io.provenance.classification.asset.client.client.DefaultACQuerierTest" time="0.01"/>
  <testcase name="testQueryAssetDefinitionByScopeSpecAddress()" classname="io.provenance.classification.asset.client.client.DefaultACQuerierTest" time="0.013"/>
  <testcase name="testQueryAssetDefinitions()" classname="io.provenance.classification.asset.client.client.DefaultACQuerierTest" time="0.013"/>
  <testcase name="testQueryContractState()" classname="io.provenance.classification.asset.client.client.DefaultACQuerierTest" time="0.012"/>
  <testcase name="testQueryAssetScopeAttributeByScopeAddressOrNull()" classname="io.provenance.classification.asset.client.client.DefaultACQuerierTest" time="0.01"/>
  <testcase name="testQueryContractVersion()" classname="io.provenance.classification.asset.client.client.DefaultACQuerierTest" time="0.012"/>
  <testcase name="testQueryAssetScopeAttributeByAssetUuid()" classname="io.provenance.classification.asset.client.client.DefaultACQuerierTest" time="0.015"/>
  <testcase name="testQueryAssetScopeAttributeByAssetUuidOrNull()" classname="io.provenance.classification.asset.client.client.DefaultACQuerierTest" time="0.01"/>
  <testcase name="testQueryAssetDefinitionByScopeSpecAddressOrNull()" classname="io.provenance.classification.asset.client.client.DefaultACQuerierTest" time="0.011"/>
  <system-out><![CDATA[]]></system-out>
  <system-err><![CDATA[]]></system-err>
</testsuite>
